2019-03-01 16:39:24,269 - BrowserEngine - INFO - You had select Chrome browser.
2019-03-01 16:39:24,269 - BrowserEngine - INFO - The test server url is:http://127.0.0.1/forum.php
2019-03-01 16:39:27,642 - BrowserEngine - INFO - Starting Chrome browser.
2019-03-01 16:39:28,121 - BrowserEngine - INFO - Open url:http://127.0.0.1/forum.php
2019-03-01 16:39:29,300 - BrowserEngine - INFO - Maximize the current window.
2019-03-01 16:39:29,304 - BrowserEngine - INFO - Set implicitly wait 10 seconds.
2019-03-01 16:39:29,364 - BasePage - INFO - <pageobjects.Discuz_homepage.HomePage object at 0x0000023C095B5B70>找到页面元素-->('name', 'username')
2019-03-01 16:39:29,536 - BasePage - INFO - 输入内容:admin
2019-03-01 16:39:29,578 - BasePage - INFO - <pageobjects.Discuz_homepage.HomePage object at 0x0000023C095B5B70>找到页面元素-->('name', 'password')
2019-03-01 16:39:29,714 - BasePage - INFO - 输入内容:bin19961013
2019-03-01 16:39:29,747 - BasePage - INFO - <pageobjects.Discuz_homepage.HomePage object at 0x0000023C095B5B70>找到页面元素-->('css selector', '.fastlg_l button')
2019-03-01 16:39:29,839 - BasePage - INFO - 元素 登录 被点击.
2019-03-01 16:39:32,871 - BasePage - INFO - <pageobjects.Discuz_homepage.HomePage object at 0x0000023C095B5B70>找到页面元素-->('css selector', '#um > p:nth-child(2) > strong > a')
2019-03-01 16:39:32,955 - BasePage - INFO - <pageobjects.Discuz_homepage.HomePage object at 0x0000023C095B5B70>找到页面元素-->('link text', '默认版块')
2019-03-01 16:39:33,900 - BasePage - INFO - 已截图并保存到文件夹:/screenshots
2019-03-01 16:39:33,900 - BasePage - ERROR - 点击元素失败： Message: stale element reference: element is not attached to the page document
  (Session info: chrome=69.0.3497.100)
  (Driver info: chromedriver=2.41.578737 (49da6702b16031c40d63e5618de03a32ff6c197e),platform=Windows NT 10.0.17134 x86_64)

2019-03-01 16:39:33,931 - BasePage - INFO - <pageobjects.Discuz_homepage.HomePage object at 0x0000023C095B5B70>找到页面元素-->('id', 'newspecial')
2019-03-01 16:39:34,847 - BasePage - INFO - 已截图并保存到文件夹:/screenshots
2019-03-01 16:39:34,847 - BasePage - ERROR - 点击元素失败： Message: stale element reference: element is not attached to the page document
  (Session info: chrome=69.0.3497.100)
  (Driver info: chromedriver=2.41.578737 (49da6702b16031c40d63e5618de03a32ff6c197e),platform=Windows NT 10.0.17134 x86_64)

2019-03-01 16:39:34,880 - BasePage - INFO - <pageobjects.Discuz_homepage.HomePage object at 0x0000023C095B5B70>找到页面元素-->('id', 'subject')
2019-03-01 16:39:35,034 - BasePage - INFO - 输入内容:haotest
2019-03-01 16:39:35,122 - BasePage - INFO - <pageobjects.Discuz_homepage.HomePage object at 0x0000023C095B5B70>找到页面元素-->('css selector', 'html body')
2019-03-01 16:39:35,264 - BasePage - INFO - 输入内容:这是一个测试帖
2019-03-01 16:39:35,305 - BasePage - INFO - <pageobjects.Discuz_homepage.HomePage object at 0x0000023C095B5B70>找到页面元素-->('id', 'postsubmit')
2019-03-01 16:39:35,433 - BasePage - INFO - 元素 发表帖子 被点击.
2019-03-01 16:39:40,505 - BasePage - INFO - <pageobjects.Discuz_homepage.HomePage object at 0x0000023C095B5B70>找到页面元素-->('id', 'post_reply')
2019-03-01 16:39:40,644 - BasePage - INFO - 元素  被点击.
