2019-03-01 16:27:22,389 - BrowserEngine - INFO - You had select Chrome browser.
2019-03-01 16:27:22,389 - BrowserEngine - INFO - The test server url is:http://127.0.0.1/forum.php
2019-03-01 16:27:26,082 - BrowserEngine - INFO - Starting Chrome browser.
2019-03-01 16:27:26,511 - BrowserEngine - INFO - Open url:http://127.0.0.1/forum.php
2019-03-01 16:27:27,671 - BrowserEngine - INFO - Maximize the current window.
2019-03-01 16:27:27,673 - BrowserEngine - INFO - Set implicitly wait 10 seconds.
2019-03-01 16:27:27,715 - BasePage - INFO - <pageobjects.Discuz_homepage.HomePage object at 0x00000217DF365C88>找到页面元素-->('name', 'username')
2019-03-01 16:27:27,903 - BasePage - INFO - 输入内容:admin
2019-03-01 16:27:27,934 - BasePage - INFO - <pageobjects.Discuz_homepage.HomePage object at 0x00000217DF365C88>找到页面元素-->('name', 'password')
2019-03-01 16:27:28,060 - BasePage - INFO - 输入内容:bin19961013
2019-03-01 16:27:28,092 - BasePage - INFO - <pageobjects.Discuz_homepage.HomePage object at 0x00000217DF365C88>找到页面元素-->('css selector', '.fastlg_l button')
2019-03-01 16:27:28,174 - BasePage - INFO - 元素 登录 被点击.
2019-03-01 16:27:31,206 - BasePage - INFO - <pageobjects.Discuz_homepage.HomePage object at 0x00000217DF365C88>找到页面元素-->('css selector', 'td .xg1')
2019-03-01 16:27:31,272 - BasePage - INFO - 清除文本框
2019-03-01 16:27:31,301 - BasePage - INFO - <pageobjects.Discuz_homepage.HomePage object at 0x00000217DF365C88>找到页面元素-->('css selector', 'td .xg1')
2019-03-01 16:27:31,409 - BasePage - INFO - 输入内容:haotest
2019-03-01 16:27:31,452 - BasePage - INFO - <pageobjects.Discuz_homepage.HomePage object at 0x00000217DF365C88>找到页面元素-->('css selector', '.scbar_btn_td .pn')
2019-03-01 16:27:31,616 - BasePage - INFO - 元素  被点击.
2019-03-01 16:27:32,879 - BasePage - INFO - <pageobjects.Discuz_homepage.HomePage object at 0x00000217DF365C88>找到页面元素-->('css selector', '.pbw:first-of-type h3 a strong')
2019-03-01 16:27:32,997 - BasePage - INFO - 元素 haotest 被点击.
2019-03-01 16:27:34,079 - BasePage - INFO - <pageobjects.Discuz_homepage.HomePage object at 0x00000217DF365C88>找到页面元素-->('css selector', '#thread_subject')
2019-03-01 16:27:35,199 - BasePage - INFO - <pageobjects.Discuz_homepage.HomePage object at 0x00000217DF365C88>找到页面元素-->('link text', '退出')
2019-03-01 16:27:35,779 - BasePage - INFO - 已截图并保存到文件夹:/screenshots
2019-03-01 16:27:35,779 - BasePage - ERROR - 点击元素失败： Message: stale element reference: element is not attached to the page document
  (Session info: chrome=69.0.3497.100)
  (Driver info: chromedriver=2.41.578737 (49da6702b16031c40d63e5618de03a32ff6c197e),platform=Windows NT 10.0.17134 x86_64)

2019-03-01 16:27:49,648 - BrowserEngine - INFO - You had select Chrome browser.
2019-03-01 16:27:49,649 - BrowserEngine - INFO - The test server url is:http://127.0.0.1/forum.php
2019-03-01 16:27:52,557 - BrowserEngine - INFO - Starting Chrome browser.
2019-03-01 16:27:53,033 - BrowserEngine - INFO - Open url:http://127.0.0.1/forum.php
2019-03-01 16:27:54,168 - BrowserEngine - INFO - Maximize the current window.
2019-03-01 16:27:54,171 - BrowserEngine - INFO - Set implicitly wait 10 seconds.
2019-03-01 16:27:54,213 - BasePage - INFO - <pageobjects.Discuz_homepage.HomePage object at 0x00000211F6995CC0>找到页面元素-->('name', 'username')
2019-03-01 16:27:54,369 - BasePage - INFO - 输入内容:admin
2019-03-01 16:27:54,418 - BasePage - INFO - <pageobjects.Discuz_homepage.HomePage object at 0x00000211F6995CC0>找到页面元素-->('name', 'password')
2019-03-01 16:27:54,567 - BasePage - INFO - 输入内容:bin19961013
2019-03-01 16:27:54,600 - BasePage - INFO - <pageobjects.Discuz_homepage.HomePage object at 0x00000211F6995CC0>找到页面元素-->('css selector', '.fastlg_l button')
2019-03-01 16:27:54,686 - BasePage - INFO - 元素 登录 被点击.
2019-03-01 16:27:57,721 - BasePage - INFO - <pageobjects.Discuz_homepage.HomePage object at 0x00000211F6995CC0>找到页面元素-->('css selector', '#um > p:nth-child(2) > strong > a')
2019-03-01 16:27:57,803 - BasePage - INFO - <pageobjects.Discuz_homepage.HomePage object at 0x00000211F6995CC0>找到页面元素-->('link text', '默认版块')
2019-03-01 16:27:58,764 - BasePage - INFO - 已截图并保存到文件夹:/screenshots
2019-03-01 16:27:58,764 - BasePage - ERROR - 点击元素失败： Message: stale element reference: element is not attached to the page document
  (Session info: chrome=69.0.3497.100)
  (Driver info: chromedriver=2.41.578737 (49da6702b16031c40d63e5618de03a32ff6c197e),platform=Windows NT 10.0.17134 x86_64)

2019-03-01 16:27:58,794 - BasePage - INFO - <pageobjects.Discuz_homepage.HomePage object at 0x00000211F6995CC0>找到页面元素-->('id', 'newspecial')
2019-03-01 16:27:59,744 - BasePage - INFO - 已截图并保存到文件夹:/screenshots
2019-03-01 16:27:59,744 - BasePage - ERROR - 点击元素失败： Message: stale element reference: element is not attached to the page document
  (Session info: chrome=69.0.3497.100)
  (Driver info: chromedriver=2.41.578737 (49da6702b16031c40d63e5618de03a32ff6c197e),platform=Windows NT 10.0.17134 x86_64)

2019-03-01 16:27:59,808 - BasePage - INFO - <pageobjects.Discuz_homepage.HomePage object at 0x00000211F6995CC0>找到页面元素-->('link text', '发起投票')
2019-03-01 16:28:00,702 - BasePage - INFO - 已截图并保存到文件夹:/screenshots
2019-03-01 16:28:00,702 - BasePage - ERROR - 点击元素失败： Message: stale element reference: element is not attached to the page document
  (Session info: chrome=69.0.3497.100)
  (Driver info: chromedriver=2.41.578737 (49da6702b16031c40d63e5618de03a32ff6c197e),platform=Windows NT 10.0.17134 x86_64)

2019-03-01 16:28:00,732 - BasePage - INFO - <pageobjects.Discuz_homepage.HomePage object at 0x00000211F6995CC0>找到页面元素-->('css selector', '.pbt .z span .px')
2019-03-01 16:28:00,838 - BasePage - INFO - 输入内容:测试投票
2019-03-01 16:28:00,870 - BasePage - INFO - <pageobjects.Discuz_homepage.HomePage object at 0x00000211F6995CC0>找到页面元素-->('css selector', '.mbm p:first-of-type input')
2019-03-01 16:28:01,020 - BasePage - INFO - 输入内容:选项1
2019-03-01 16:28:01,054 - BasePage - INFO - <pageobjects.Discuz_homepage.HomePage object at 0x00000211F6995CC0>找到页面元素-->('css selector', '.mbm p:nth-child(2) input')
2019-03-01 16:28:01,134 - BasePage - INFO - 输入内容:选项2
2019-03-01 16:28:01,167 - BasePage - INFO - <pageobjects.Discuz_homepage.HomePage object at 0x00000211F6995CC0>找到页面元素-->('css selector', '.mbm p:nth-child(3) input')
2019-03-01 16:28:01,269 - BasePage - INFO - 输入内容:选项3
2019-03-01 16:28:01,303 - BasePage - INFO - <pageobjects.Discuz_homepage.HomePage object at 0x00000211F6995CC0>找到页面元素-->('id', 'postsubmit')
2019-03-01 16:28:01,436 - BasePage - INFO - 元素 发起投票 被点击.
2019-03-01 16:28:02,643 - BasePage - INFO - <pageobjects.Discuz_homepage.HomePage object at 0x00000211F6995CC0>找到页面元素-->('css selector', '.pcht tbody tr:nth-child(5) td:first-of-type')
2019-03-01 16:28:02,756 - BasePage - INFO - 元素  被点击.
2019-03-01 16:28:02,797 - BasePage - INFO - <pageobjects.Discuz_homepage.HomePage object at 0x00000211F6995CC0>找到页面元素-->('css selector', '#pollsubmit')
2019-03-01 16:28:03,919 - BasePage - INFO - 已截图并保存到文件夹:/screenshots
2019-03-01 16:28:03,920 - BasePage - ERROR - 点击元素失败： Message: stale element reference: element is not attached to the page document
  (Session info: chrome=69.0.3497.100)
  (Driver info: chromedriver=2.41.578737 (49da6702b16031c40d63e5618de03a32ff6c197e),platform=Windows NT 10.0.17134 x86_64)

2019-03-01 16:28:03,953 - BasePage - INFO - <pageobjects.Discuz_homepage.HomePage object at 0x00000211F6995CC0>找到页面元素-->('css selector', 'tr:nth-child(1) > td.pvt > label')
2019-03-01 16:28:04,019 - BasePage - INFO - <pageobjects.Discuz_homepage.HomePage object at 0x00000211F6995CC0>找到页面元素-->('xpath', '//*[@id="poll"]/div[2]/table/tbody/tr[2]/td[2]')
2019-03-01 16:28:04,072 - BasePage - INFO - <pageobjects.Discuz_homepage.HomePage object at 0x00000211F6995CC0>找到页面元素-->('css selector', 'tr:nth-child(3) > td.pvt > label')
2019-03-01 16:28:04,132 - BasePage - INFO - <pageobjects.Discuz_homepage.HomePage object at 0x00000211F6995CC0>找到页面元素-->('xpath', '//*[@id="poll"]/div[2]/table/tbody/tr[4]/td[2]')
2019-03-01 16:28:04,196 - BasePage - INFO - <pageobjects.Discuz_homepage.HomePage object at 0x00000211F6995CC0>找到页面元素-->('css selector', 'tr:nth-child(5) > td.pvt > label')
2019-03-01 16:28:04,253 - BasePage - INFO - <pageobjects.Discuz_homepage.HomePage object at 0x00000211F6995CC0>找到页面元素-->('xpath', '//*[@id="poll"]/div[2]/table/tbody/tr[6]/td[2]')
