2019-03-01 16:25:39,685 - BrowserEngine - INFO - You had select Chrome browser.
2019-03-01 16:25:39,687 - BrowserEngine - INFO - The test server url is:http://127.0.0.1/forum.php
2019-03-01 16:25:42,702 - BrowserEngine - INFO - Starting Chrome browser.
2019-03-01 16:25:43,182 - BrowserEngine - INFO - Open url:http://127.0.0.1/forum.php
2019-03-01 16:25:44,295 - BrowserEngine - INFO - Maximize the current window.
2019-03-01 16:25:44,296 - BrowserEngine - INFO - Set implicitly wait 10 seconds.
2019-03-01 16:25:44,334 - BasePage - INFO - <pageobjects.Discuz_homepage.HomePage object at 0x00000199DCD45860>找到页面元素-->('name', 'username')
2019-03-01 16:25:44,471 - BasePage - INFO - 输入内容:admin
2019-03-01 16:25:44,557 - BasePage - INFO - <pageobjects.Discuz_homepage.HomePage object at 0x00000199DCD45860>找到页面元素-->('name', 'password')
2019-03-01 16:25:44,688 - BasePage - INFO - 输入内容:bin19961013
2019-03-01 16:25:44,722 - BasePage - INFO - <pageobjects.Discuz_homepage.HomePage object at 0x00000199DCD45860>找到页面元素-->('css selector', '.fastlg_l button')
2019-03-01 16:25:44,812 - BasePage - INFO - 元素 登录 被点击.
2019-03-01 16:25:47,878 - BasePage - INFO - <pageobjects.Discuz_homepage.HomePage object at 0x00000199DCD45860>找到页面元素-->('css selector', '#um > p:nth-child(2) > strong > a')
2019-03-01 16:25:47,961 - BasePage - INFO - <pageobjects.Discuz_homepage.HomePage object at 0x00000199DCD45860>找到页面元素-->('link text', '默认版块')
2019-03-01 16:25:48,870 - BasePage - INFO - 已截图并保存到文件夹:/screenshots
2019-03-01 16:25:48,870 - BasePage - ERROR - 点击元素失败： Message: stale element reference: element is not attached to the page document
  (Session info: chrome=69.0.3497.100)
  (Driver info: chromedriver=2.41.578737 (49da6702b16031c40d63e5618de03a32ff6c197e),platform=Windows NT 10.0.17134 x86_64)

2019-03-01 16:25:48,900 - BasePage - INFO - <pageobjects.Discuz_homepage.HomePage object at 0x00000199DCD45860>找到页面元素-->('id', 'newspecial')
2019-03-01 16:25:49,791 - BasePage - INFO - 已截图并保存到文件夹:/screenshots
2019-03-01 16:25:49,791 - BasePage - ERROR - 点击元素失败： Message: stale element reference: element is not attached to the page document
  (Session info: chrome=69.0.3497.100)
  (Driver info: chromedriver=2.41.578737 (49da6702b16031c40d63e5618de03a32ff6c197e),platform=Windows NT 10.0.17134 x86_64)

2019-03-01 16:25:49,832 - BasePage - INFO - <pageobjects.Discuz_homepage.HomePage object at 0x00000199DCD45860>找到页面元素-->('id', 'subject')
2019-03-01 16:25:49,989 - BasePage - INFO - 输入内容:haotest
2019-03-01 16:25:50,075 - BasePage - INFO - <pageobjects.Discuz_homepage.HomePage object at 0x00000199DCD45860>找到页面元素-->('css selector', 'html body')
2019-03-01 16:25:50,212 - BasePage - INFO - 输入内容:这是一个测试帖
2019-03-01 16:25:50,249 - BasePage - INFO - <pageobjects.Discuz_homepage.HomePage object at 0x00000199DCD45860>找到页面元素-->('id', 'postsubmit')
2019-03-01 16:25:50,377 - BasePage - INFO - 元素 发表帖子 被点击.
2019-03-01 16:25:55,457 - BasePage - INFO - <pageobjects.Discuz_homepage.HomePage object at 0x00000199DCD45860>找到页面元素-->('id', 'post_reply')
2019-03-01 16:25:55,543 - BasePage - INFO - 元素  被点击.
2019-03-01 16:25:57,618 - BasePage - INFO - <pageobjects.Discuz_homepage.HomePage object at 0x00000199DCD45860>找到页面元素-->('css selector', 'div>textarea')
2019-03-01 16:25:57,704 - BasePage - INFO - 输入内容:回复测试帖
2019-03-01 16:25:57,735 - BasePage - INFO - <pageobjects.Discuz_homepage.HomePage object at 0x00000199DCD45860>找到页面元素-->('css selector', 'div>button')
2019-03-01 16:25:58,407 - BasePage - INFO - 已截图并保存到文件夹:/screenshots
2019-03-01 16:25:58,407 - BasePage - ERROR - 点击元素失败： Message: stale element reference: element is not attached to the page document
  (Session info: chrome=69.0.3497.100)
  (Driver info: chromedriver=2.41.578737 (49da6702b16031c40d63e5618de03a32ff6c197e),platform=Windows NT 10.0.17134 x86_64)

2019-03-01 16:25:58,458 - BasePage - INFO - <pageobjects.Discuz_homepage.HomePage object at 0x00000199DCD45860>找到页面元素-->('link text', '退出')
2019-03-01 16:25:59,077 - BasePage - INFO - 已截图并保存到文件夹:/screenshots
2019-03-01 16:25:59,077 - BasePage - ERROR - 点击元素失败： Message: stale element reference: element is not attached to the page document
  (Session info: chrome=69.0.3497.100)
  (Driver info: chromedriver=2.41.578737 (49da6702b16031c40d63e5618de03a32ff6c197e),platform=Windows NT 10.0.17134 x86_64)

