2019-03-01 16:26:07,748 - BrowserEngine - INFO - You had select Chrome browser.
2019-03-01 16:26:07,748 - BrowserEngine - INFO - The test server url is:http://127.0.0.1/forum.php
2019-03-01 16:26:10,498 - BrowserEngine - INFO - Starting Chrome browser.
2019-03-01 16:26:10,959 - BrowserEngine - INFO - Open url:http://127.0.0.1/forum.php
2019-03-01 16:26:12,088 - BrowserEngine - INFO - Maximize the current window.
2019-03-01 16:26:12,089 - BrowserEngine - INFO - Set implicitly wait 10 seconds.
2019-03-01 16:26:12,129 - BasePage - INFO - <pageobjects.Discuz_homepage.HomePage object at 0x00000285BD555C88>找到页面元素-->('name', 'username')
2019-03-01 16:26:12,316 - BasePage - INFO - 输入内容:admin
2019-03-01 16:26:12,357 - BasePage - INFO - <pageobjects.Discuz_homepage.HomePage object at 0x00000285BD555C88>找到页面元素-->('name', 'password')
2019-03-01 16:26:12,490 - BasePage - INFO - 输入内容:bin19961013
2019-03-01 16:26:12,535 - BasePage - INFO - <pageobjects.Discuz_homepage.HomePage object at 0x00000285BD555C88>找到页面元素-->('css selector', '.fastlg_l button')
2019-03-01 16:26:12,612 - BasePage - INFO - 元素 登录 被点击.
2019-03-01 16:26:40,269 - BrowserEngine - INFO - You had select Chrome browser.
2019-03-01 16:26:40,269 - BrowserEngine - INFO - The test server url is:http://127.0.0.1/forum.php
2019-03-01 16:26:43,133 - BrowserEngine - INFO - Starting Chrome browser.
2019-03-01 16:26:43,605 - BrowserEngine - INFO - Open url:http://127.0.0.1/forum.php
2019-03-01 16:26:44,723 - BrowserEngine - INFO - Maximize the current window.
2019-03-01 16:26:44,727 - BrowserEngine - INFO - Set implicitly wait 10 seconds.
2019-03-01 16:26:44,789 - BasePage - INFO - <pageobjects.Discuz_homepage.HomePage object at 0x000001A3171C5C88>找到页面元素-->('name', 'username')
2019-03-01 16:26:45,031 - BasePage - INFO - 输入内容:admin
2019-03-01 16:26:45,067 - BasePage - INFO - <pageobjects.Discuz_homepage.HomePage object at 0x000001A3171C5C88>找到页面元素-->('name', 'password')
2019-03-01 16:26:45,217 - BasePage - INFO - 输入内容:bin19961013
2019-03-01 16:26:45,298 - BasePage - INFO - <pageobjects.Discuz_homepage.HomePage object at 0x000001A3171C5C88>找到页面元素-->('css selector', '.fastlg_l button')
2019-03-01 16:26:45,388 - BasePage - INFO - 元素 登录 被点击.
2019-03-01 16:26:48,420 - BasePage - INFO - <pageobjects.Discuz_homepage.HomePage object at 0x000001A3171C5C88>找到页面元素-->('css selector', '#um > p:nth-child(2) > strong > a')
2019-03-01 16:26:48,510 - BasePage - INFO - <pageobjects.Discuz_homepage.HomePage object at 0x000001A3171C5C88>找到页面元素-->('link text', '默认版块')
2019-03-01 16:26:49,471 - BasePage - INFO - 已截图并保存到文件夹:/screenshots
2019-03-01 16:26:49,471 - BasePage - ERROR - 点击元素失败： Message: stale element reference: element is not attached to the page document
  (Session info: chrome=69.0.3497.100)
  (Driver info: chromedriver=2.41.578737 (49da6702b16031c40d63e5618de03a32ff6c197e),platform=Windows NT 10.0.17134 x86_64)

2019-03-01 16:26:49,510 - BasePage - INFO - <pageobjects.Discuz_homepage.HomePage object at 0x000001A3171C5C88>找到页面元素-->('css selector', 'table tbody:nth-child(2) td:nth-child(2)')
2019-03-01 16:26:49,601 - BasePage - INFO - 元素  被点击.
2019-03-01 16:26:49,796 - BasePage - INFO - <pageobjects.Discuz_homepage.HomePage object at 0x000001A3171C5C88>找到页面元素-->('link text', '删除')
2019-03-01 16:26:50,138 - BasePage - INFO - 元素 删除 被点击.
2019-03-01 16:26:50,175 - BasePage - INFO - <pageobjects.Discuz_homepage.HomePage object at 0x000001A3171C5C88>找到页面元素-->('css selector', '.o button')
2019-03-01 16:26:51,150 - BasePage - INFO - 已截图并保存到文件夹:/screenshots
2019-03-01 16:26:51,150 - BasePage - ERROR - 点击元素失败： Message: stale element reference: element is not attached to the page document
  (Session info: chrome=69.0.3497.100)
  (Driver info: chromedriver=2.41.578737 (49da6702b16031c40d63e5618de03a32ff6c197e),platform=Windows NT 10.0.17134 x86_64)

2019-03-01 16:26:51,192 - BasePage - INFO - <pageobjects.Discuz_homepage.HomePage object at 0x000001A3171C5C88>找到页面元素-->('link text', '管理中心')
2019-03-01 16:26:51,377 - BasePage - INFO - 元素 管理中心 被点击.
2019-03-01 16:26:52,479 - BasePage - INFO - <pageobjects.Discuz_homepage.HomePage object at 0x000001A3171C5C88>找到页面元素-->('link text', '论坛')
2019-03-01 16:26:52,579 - BasePage - INFO - 元素 论坛 被点击.
2019-03-01 16:26:52,829 - BasePage - INFO - <pageobjects.Discuz_homepage.HomePage object at 0x000001A3171C5C88>找到页面元素-->('link text', '添加新版块')
2019-03-01 16:26:52,973 - BasePage - INFO - 元素 添加新版块 被点击.
2019-03-01 16:26:53,016 - BasePage - INFO - <pageobjects.Discuz_homepage.HomePage object at 0x000001A3171C5C88>找到页面元素-->('css selector', '.tb tbody:nth-last-child(2) tr:nth-child(1) td:nth-child(2) input')
2019-03-01 16:26:53,099 - BasePage - INFO - 输入内容:3
2019-03-01 16:26:53,132 - BasePage - INFO - <pageobjects.Discuz_homepage.HomePage object at 0x000001A3171C5C88>找到页面元素-->('css selector', 'tbody:nth-last-child(2)  tr:nth-last-child(2) td:last-of-type div input')
2019-03-01 16:26:53,223 - BasePage - INFO - 输入内容:版块_3
2019-03-01 16:26:53,255 - BasePage - INFO - <pageobjects.Discuz_homepage.HomePage object at 0x000001A3171C5C88>找到页面元素-->('css selector', '#submit_editsubmit')
2019-03-01 16:26:53,858 - BasePage - INFO - 已截图并保存到文件夹:/screenshots
2019-03-01 16:26:53,858 - BasePage - ERROR - 点击元素失败： Message: stale element reference: element is not attached to the page document
  (Session info: chrome=69.0.3497.100)
  (Driver info: chromedriver=2.41.578737 (49da6702b16031c40d63e5618de03a32ff6c197e),platform=Windows NT 10.0.17134 x86_64)

2019-03-01 16:26:53,894 - BasePage - INFO - <pageobjects.Discuz_homepage.HomePage object at 0x000001A3171C5C88>找到页面元素-->('xpath', '//*[@id="frameuinfo"]/p[1]/a')
2019-03-01 16:26:54,747 - BasePage - INFO - 已截图并保存到文件夹:/screenshots
2019-03-01 16:26:54,747 - BasePage - ERROR - 点击元素失败： Message: stale element reference: element is not attached to the page document
  (Session info: chrome=69.0.3497.100)
  (Driver info: chromedriver=2.41.578737 (49da6702b16031c40d63e5618de03a32ff6c197e),platform=Windows NT 10.0.17134 x86_64)

2019-03-01 16:26:54,791 - BasePage - INFO - <pageobjects.Discuz_homepage.HomePage object at 0x000001A3171C5C88>找到页面元素-->('link text', '退出')
2019-03-01 16:26:55,385 - BasePage - INFO - 已截图并保存到文件夹:/screenshots
2019-03-01 16:26:55,385 - BasePage - ERROR - 点击元素失败： Message: stale element reference: element is not attached to the page document
  (Session info: chrome=69.0.3497.100)
  (Driver info: chromedriver=2.41.578737 (49da6702b16031c40d63e5618de03a32ff6c197e),platform=Windows NT 10.0.17134 x86_64)

2019-03-01 16:26:57,244 - BasePage - INFO - <pageobjects.Discuz_homepage.HomePage object at 0x000001A3171C5C88>找到页面元素-->('name', 'username')
2019-03-01 16:26:57,386 - BasePage - INFO - 输入内容:bin1192029250
2019-03-01 16:26:57,417 - BasePage - INFO - <pageobjects.Discuz_homepage.HomePage object at 0x000001A3171C5C88>找到页面元素-->('name', 'password')
2019-03-01 16:26:57,536 - BasePage - INFO - 输入内容:bin19961013
2019-03-01 16:26:57,567 - BasePage - INFO - <pageobjects.Discuz_homepage.HomePage object at 0x000001A3171C5C88>找到页面元素-->('css selector', '.fastlg_l button')
2019-03-01 16:26:57,637 - BasePage - INFO - 元素 登录 被点击.
2019-03-01 16:27:00,713 - BasePage - INFO - <pageobjects.Discuz_homepage.HomePage object at 0x000001A3171C5C88>找到页面元素-->('css selector', '#um > p:nth-child(2) > strong > a')
2019-03-01 16:27:00,767 - BasePage - INFO - <pageobjects.Discuz_homepage.HomePage object at 0x000001A3171C5C88>找到页面元素-->('css selector', 'tr:nth-last-child(2)  > td:nth-child(2) > h2 > a')
2019-03-01 16:27:01,430 - BasePage - INFO - 已截图并保存到文件夹:/screenshots
2019-03-01 16:27:01,430 - BasePage - ERROR - 点击元素失败： Message: stale element reference: element is not attached to the page document
  (Session info: chrome=69.0.3497.100)
  (Driver info: chromedriver=2.41.578737 (49da6702b16031c40d63e5618de03a32ff6c197e),platform=Windows NT 10.0.17134 x86_64)

2019-03-01 16:27:01,468 - BasePage - INFO - <pageobjects.Discuz_homepage.HomePage object at 0x000001A3171C5C88>找到页面元素-->('id', 'newspecial')
2019-03-01 16:27:02,299 - BasePage - INFO - 已截图并保存到文件夹:/screenshots
2019-03-01 16:27:02,299 - BasePage - ERROR - 点击元素失败： Message: stale element reference: element is not attached to the page document
  (Session info: chrome=69.0.3497.100)
  (Driver info: chromedriver=2.41.578737 (49da6702b16031c40d63e5618de03a32ff6c197e),platform=Windows NT 10.0.17134 x86_64)

2019-03-01 16:27:02,331 - BasePage - INFO - <pageobjects.Discuz_homepage.HomePage object at 0x000001A3171C5C88>找到页面元素-->('id', 'subject')
2019-03-01 16:27:02,435 - BasePage - INFO - 输入内容:普通用户发帖
2019-03-01 16:27:02,505 - BasePage - INFO - <pageobjects.Discuz_homepage.HomePage object at 0x000001A3171C5C88>找到页面元素-->('css selector', 'html body')
2019-03-01 16:27:02,626 - BasePage - INFO - 输入内容:普通用户的发帖内容
2019-03-01 16:27:02,659 - BasePage - INFO - <pageobjects.Discuz_homepage.HomePage object at 0x000001A3171C5C88>找到页面元素-->('id', 'postsubmit')
2019-03-01 16:27:02,806 - BasePage - INFO - 元素 发表帖子 被点击.
2019-03-01 16:27:17,842 - BasePage - INFO - <pageobjects.Discuz_homepage.HomePage object at 0x000001A3171C5C88>找到页面元素-->('id', 'post_reply')
2019-03-01 16:27:17,930 - BasePage - INFO - 元素  被点击.
2019-03-01 16:27:17,969 - BasePage - INFO - <pageobjects.Discuz_homepage.HomePage object at 0x000001A3171C5C88>找到页面元素-->('css selector', 'div>textarea')
2019-03-01 16:27:18,110 - BasePage - INFO - 输入内容:普通用户回帖
2019-03-01 16:27:18,140 - BasePage - INFO - <pageobjects.Discuz_homepage.HomePage object at 0x000001A3171C5C88>找到页面元素-->('css selector', 'div>button')
2019-03-01 16:27:18,404 - BasePage - INFO - 元素 参与/回复主题 被点击.
