2019-03-01 16:56:54,793 - BrowserEngine - INFO - You had select Chrome browser.
2019-03-01 16:56:54,793 - BrowserEngine - INFO - The test server url is:http://127.0.0.1/forum.php
2019-03-01 16:56:58,184 - BrowserEngine - INFO - Starting Chrome browser.
2019-03-01 16:56:58,642 - BrowserEngine - INFO - Open url:http://127.0.0.1/forum.php
2019-03-01 16:56:59,825 - BrowserEngine - INFO - Maximize the current window.
2019-03-01 16:56:59,827 - BrowserEngine - INFO - Set implicitly wait 10 seconds.
2019-03-01 16:56:59,869 - BasePage - INFO - <pageobjects.Discuz_homepage.HomePage object at 0x000001BBFE459668>找到页面元素-->('name', 'username')
2019-03-01 16:57:00,082 - BasePage - INFO - 输入内容:admin
2019-03-01 16:57:00,113 - BasePage - INFO - <pageobjects.Discuz_homepage.HomePage object at 0x000001BBFE459668>找到页面元素-->('name', 'password')
2019-03-01 16:57:00,233 - BasePage - INFO - 输入内容:bin19961013
2019-03-01 16:57:00,266 - BasePage - INFO - <pageobjects.Discuz_homepage.HomePage object at 0x000001BBFE459668>找到页面元素-->('css selector', '.fastlg_l button')
2019-03-01 16:57:00,351 - BasePage - INFO - 元素 登录 被点击.
2019-03-01 16:57:03,416 - BasePage - INFO - <pageobjects.Discuz_homepage.HomePage object at 0x000001BBFE459668>找到页面元素-->('css selector', '#um > p:nth-child(2) > strong > a')
2019-03-01 16:57:03,498 - BasePage - INFO - <pageobjects.Discuz_homepage.HomePage object at 0x000001BBFE459668>找到页面元素-->('link text', '默认版块')
2019-03-01 16:57:04,413 - BasePage - INFO - 已截图并保存到文件夹:/screenshots
2019-03-01 16:57:04,413 - BasePage - ERROR - 点击元素失败： Message: stale element reference: element is not attached to the page document
  (Session info: chrome=69.0.3497.100)
  (Driver info: chromedriver=2.41.578737 (49da6702b16031c40d63e5618de03a32ff6c197e),platform=Windows NT 10.0.17134 x86_64)

2019-03-01 16:57:04,442 - BasePage - INFO - <pageobjects.Discuz_homepage.HomePage object at 0x000001BBFE459668>找到页面元素-->('id', 'newspecial')
2019-03-01 16:57:05,347 - BasePage - INFO - 已截图并保存到文件夹:/screenshots
2019-03-01 16:57:05,348 - BasePage - ERROR - 点击元素失败： Message: stale element reference: element is not attached to the page document
  (Session info: chrome=69.0.3497.100)
  (Driver info: chromedriver=2.41.578737 (49da6702b16031c40d63e5618de03a32ff6c197e),platform=Windows NT 10.0.17134 x86_64)

2019-03-01 16:57:05,379 - BasePage - INFO - <pageobjects.Discuz_homepage.HomePage object at 0x000001BBFE459668>找到页面元素-->('id', 'subject')
2019-03-01 16:57:05,557 - BasePage - INFO - 输入内容:haotest
2019-03-01 16:57:05,651 - BasePage - INFO - <pageobjects.Discuz_homepage.HomePage object at 0x000001BBFE459668>找到页面元素-->('css selector', 'html body')
2019-03-01 16:57:05,813 - BasePage - INFO - 输入内容:这是一个测试帖
2019-03-01 16:57:05,856 - BasePage - INFO - <pageobjects.Discuz_homepage.HomePage object at 0x000001BBFE459668>找到页面元素-->('id', 'postsubmit')
2019-03-01 16:57:07,284 - BasePage - INFO - 元素 发表帖子 被点击.
